mode: set
xyy/learngo/container/nonrepeatingsubstring/nonrepeating.go:5.47,10.31 4 1
xyy/learngo/container/nonrepeatingsubstring/nonrepeating.go:20.2,20.18 1 1
xyy/learngo/container/nonrepeatingsubstring/nonrepeating.go:10.31,11.58 1 1
xyy/learngo/container/nonrepeatingsubstring/nonrepeating.go:14.3,14.32 1 1
xyy/learngo/container/nonrepeatingsubstring/nonrepeating.go:17.3,17.23 1 1
xyy/learngo/container/nonrepeatingsubstring/nonrepeating.go:11.58,13.4 1 1
xyy/learngo/container/nonrepeatingsubstring/nonrepeating.go:14.32,16.4 1 1
xyy/learngo/container/nonrepeatingsubstring/nonrepeating.go:23.13,32.2 8 0
